<?xml version="1.0" encoding="UTF-8"?>
<testsuites name="jest tests" tests="1" failures="0" time="17.091">
  <testsuite name="undefined" errors="0" failures="0" skipped="0" timestamp="2019-10-29T21:57:47" time="10.435" tests="1">
    <testcase classname=" renders properly" name=" renders properly" time="0.02">
    </testcase>
  </testsuite>
</testsuites>